<?xml version="1.0" encoding="UTF-8"?>
<testsuite name="AppTest" tests="1" skipped="0" failures="0" errors="0" timestamp="2017-04-21T20:36:47" hostname="dhcp-eduroam-kumpula-86-50-12-118.mobile.helsinki.fi" time="0.003">
  <properties/>
  <testcase name="testAppHasAGreeting" classname="AppTest" time="0.003"/>
  <system-out><![CDATA[]]></system-out>
  <system-err><![CDATA[]]></system-err>
</testsuite>
