<?xml version="1.0" encoding="UTF-8"?>
<testsuite name="ohtuesimerkki.StatisticsTest" tests="4" skipped="0" failures="0" errors="0" timestamp="2017-03-26T15:26:07" hostname="bbqpartybook.local" time="0.01">
  <properties/>
  <testcase name="testTeam" classname="ohtuesimerkki.StatisticsTest" time="0.007"/>
  <testcase name="testTopScorers" classname="ohtuesimerkki.StatisticsTest" time="0.0"/>
  <testcase name="testSearch1" classname="ohtuesimerkki.StatisticsTest" time="0.0"/>
  <testcase name="testSearch2" classname="ohtuesimerkki.StatisticsTest" time="0.0"/>
  <system-out><![CDATA[]]></system-out>
  <system-err><![CDATA[]]></system-err>
</testsuite>
